<?xml version="1.0" encoding="UTF-8"?>
<testng-results ignored="0" total="1" passed="1" failed="0" skipped="0">
  <reporter-output>
  </reporter-output>
  <suite started-at="2024-11-11T17:41:53 IST" name="Default suite" finished-at="2024-11-11T17:42:05 IST" duration-ms="12272">
    <groups>
    </groups>
    <test started-at="2024-11-11T17:41:53 IST" name="Default test" finished-at="2024-11-11T17:42:05 IST" duration-ms="12272">
      <class name="tests._09_ValidateField">
        <test-method is-config="true" signature="goToWebsite()[pri:0, instance:tests._09_ValidateField@1f2586d6]" started-at="2024-11-11T17:41:53 IST" name="goToWebsite" finished-at="2024-11-11T17:41:59 IST" duration-ms="6328" status="PASS">
          <reporter-output>
          </reporter-output>
        </test-method> <!-- goToWebsite -->
        <test-method signature="validateField()[pri:8, instance:tests._09_ValidateField@1f2586d6]" started-at="2024-11-11T17:41:59 IST" name="validateField" finished-at="2024-11-11T17:42:04 IST" duration-ms="5463" status="PASS">
          <reporter-output>
          </reporter-output>
        </test-method> <!-- validateField -->
        <test-method is-config="true" signature="afterC()[pri:0, instance:tests._09_ValidateField@1f2586d6]" started-at="2024-11-11T17:42:04 IST" name="afterC" finished-at="2024-11-11T17:42:05 IST" duration-ms="425" status="PASS">
          <reporter-output>
          </reporter-output>
        </test-method> <!-- afterC -->
      </class> <!-- tests._09_ValidateField -->
    </test> <!-- Default test -->
  </suite> <!-- Default suite -->
</testng-results>
